build/app/outputs/mapping/release/mapping.txt
# compiler: R8
# compiler_version: 1.5.64
# min_api: 16
# pg_map_id: c67fac8
com.example.messenger001.MainActivity -> com.example.messenger001.MainActivity:
    void configureFlutterEngine(io.flutter.embedding.engine.FlutterEngine) -> b
...
com.google.firebase.firestore.local.EncodedPath -> com.google.firebase.firestore.q0.d:
    java.util.List decode(java.lang.String) -> a
    java.lang.String encode(com.google.firebase.firestore.model.BasePath) -> a
    void encodeSegment(java.lang.String,java.lang.StringBuilder) -> a
    void encodeSeparator(java.lang.StringBuilder) -> a
    com.google.firebase.firestore.model.ResourcePath decodeResourcePath(java.lang.String) -> b
    java.lang.String prefixSuccessor(java.lang.String) -> c
com.google.firebase.firestore.local.IndexFreeQueryEngine -> com.google.firebase.firestore.q0.e:
    com.google.firebase.firestore.local.LocalDocumentsView localDocumentsView -> a
    com.google.firebase.database.collection.ImmutableSortedSet applyQuery(com.google.firebase.firestore.core.Query,com.google.firebase.database.collection.ImmutableSortedMap) -> a
    com.google.firebase.database.collection.ImmutableSortedMap executeFullCollectionScan(com.google.firebase.firestore.core.Query) -> a
    com.google.firebase.database.collection.ImmutableSortedMap getDocumentsMatchingQuery(com.google.firebase.firestore.core.Query,com.google.firebase.firestore.model.SnapshotVersion,com.google.firebase.database.collection.ImmutableSortedSet) -> a
    boolean needsRefill(com.google.firebase.database.collection.ImmutableSortedSet,com.google.firebase.database.collection.ImmutableSortedSet,com.google.firebase.firestore.model.SnapshotVersion) -> a
    void setLocalDocumentsView(com.google.firebase.firestore.local.LocalDocumentsView) -> a
com.google.firebase.firestore.local.IndexManager -> com.google.firebase.firestore.q0.f:
    void addToCollectionParentIndex(com.google.firebase.firestore.model.ResourcePath) -> a
    java.util.List getCollectionParents(java.lang.String) -> a
com.google.firebase.firestore.local.LocalDocumentsView -> com.google.firebase.firestore.q0.g:
    com.google.firebase.firestore.local.MutationQueue mutationQueue -> b
    com.google.firebase.firestore.local.RemoteDocumentCache remoteDocumentCache -> a
    com.google.firebase.firestore.local.IndexManager indexManager -> c
    com.google.firebase.database.collection.ImmutableSortedMap addMissingBaseDocuments(java.util.List,com.google.firebase.database.collection.ImmutableSortedMap) -> a
    java.util.Map applyLocalMutationsToDocuments(java.util.Map,java.util.List) -> a
    com.google.firebase.firestore.model.MaybeDocument getDocument(com.google.firebase.firestore.model.DocumentKey) -> a
    com.google.firebase.firestore.model.MaybeDocument getDocument(com.google.firebase.firestore.model.DocumentKey,java.util.List) -> a
    com.google.firebase.database.collection.ImmutableSortedMap getDocuments(java.lang.Iterable) -> a
    com.google.firebase.database.collection.ImmutableSortedMap getDocumentsMatchingDocumentQuery(com.google.firebase.firestore.model.ResourcePath) -> a
    com.google.firebase.database.collection.ImmutableSortedMap getDocumentsMatchingQuery(com.google.firebase.firestore.core.Query,com.google.firebase.firestore.model.SnapshotVersion) -> a
    com.google.firebase.database.collection.ImmutableSortedMap getLocalViewOfDocuments(java.util.Map) -> a